<?xml version="1.0" encoding="UTF-8"?>
<!-- Generated by org.testng.reporters.JUnitReportReporter -->
<testsuite skipped="0" hostname="192-168-1-3.tpgi.com.au" name="com.twobulls.qatest.assessment.QALoop" tests="2" failures="0" timestamp="05 May 2018 13:32:41 GMT" time="0.057" errors="0">
  <testcase name="testForCount4To55" time="0.052" classname="com.twobulls.qatest.assessment.QALoop"/>
  <testcase name="testWhileCount4To55" time="0.005" classname="com.twobulls.qatest.assessment.QALoop"/>
</testsuite> <!-- com.twobulls.qatest.assessment.QALoop -->
