<?xml version="1.0" encoding="UTF-8"?>
<!-- Generated by org.testng.reporters.JUnitReportReporter -->
<testsuite skipped="0" hostname="192-168-1-3.tpgi.com.au" name="com.twobulls.qatest.assessment.QA1" tests="1" failures="0" timestamp="05 May 2018 13:27:17 GMT" time="8.145" errors="0">
  <testcase name="testQAURL" time="8.145" classname="com.twobulls.qatest.assessment.QA1"/>
</testsuite> <!-- com.twobulls.qatest.assessment.QA1 -->
