<?xml version="1.0" encoding="UTF-8"?>
<!-- Generated by org.testng.reporters.JUnitReportReporter -->
<testsuite skipped="0" hostname="192-168-1-3.tpgi.com.au" name="com.twobulls.qatest.assessment.QA2" tests="1" failures="0" timestamp="05 May 2018 13:27:16 GMT" time="19.335" errors="0">
  <testcase name="testLogin" time="19.335" classname="com.twobulls.qatest.assessment.QA2"/>
</testsuite> <!-- com.twobulls.qatest.assessment.QA2 -->
